Traceback (most recent call last):
  File "/Users/jlee/Desktop/J.Lee/PycharmProjects/time_zome_clock/app.py", line 1, in <module>
    import streamlit as st
ModuleNotFoundError: No module named 'streamlit'

  You can now view your Streamlit app in your browser.

  Local URL: http://localhost:8501
  Network URL: http://192.168.0.4:8501

  For better performance, install the Watchdog module:

  $ xcode-select --install
  $ pip install watchdog
            

  You can now view your Streamlit app in your browser.

  Local URL: http://localhost:8501
  Network URL: http://192.168.0.4:8501

  For better performance, install the Watchdog module:

  $ xcode-select --install
  $ pip install watchdog
            

  You can now view your Streamlit app in your browser.

  Local URL: http://localhost:8502
  Network URL: http://192.168.0.4:8502

  For better performance, install the Watchdog module:

  $ xcode-select --install
  $ pip install watchdog
            
